  test.c
D:\vs2022wenjian\初识指针（2）\test.c(15,9): warning C4477: “printf”: 格式字符串“%d”需要类型“int”的参数，但可变参数 1 拥有了类型“size_t”
  D:\vs2022wenjian\初识指针（2）\test.c(15,9):
  请考虑在格式字符串中使用“%zd”
  
D:\vs2022wenjian\初识指针（2）\test.c(16,9): warning C4477: “printf”: 格式字符串“%d”需要类型“int”的参数，但可变参数 1 拥有了类型“size_t”
  D:\vs2022wenjian\初识指针（2）\test.c(16,9):
  请考虑在格式字符串中使用“%zd”
  
D:\vs2022wenjian\初识指针（2）\test.c(17,9): warning C4477: “printf”: 格式字符串“%d”需要类型“int”的参数，但可变参数 1 拥有了类型“size_t”
  D:\vs2022wenjian\初识指针（2）\test.c(17,9):
  请考虑在格式字符串中使用“%zd”
  
D:\vs2022wenjian\初识指针（2）\test.c(18,9): warning C4477: “printf”: 格式字符串“%d”需要类型“int”的参数，但可变参数 1 拥有了类型“size_t”
  D:\vs2022wenjian\初识指针（2）\test.c(18,9):
  请考虑在格式字符串中使用“%zd”
  
D:\vs2022wenjian\初识指针（2）\test.c(19,9): warning C4477: “printf”: 格式字符串“%d”需要类型“int”的参数，但可变参数 1 拥有了类型“size_t”
  D:\vs2022wenjian\初识指针（2）\test.c(19,9):
  请考虑在格式字符串中使用“%zd”
  
D:\vs2022wenjian\初识指针（2）\test.c(20,9): warning C4477: “printf”: 格式字符串“%d”需要类型“int”的参数，但可变参数 1 拥有了类型“size_t”
  D:\vs2022wenjian\初识指针（2）\test.c(20,9):
  请考虑在格式字符串中使用“%zd”
  
D:\vs2022wenjian\初识指针（2）\test.c(21,9): warning C4477: “printf”: 格式字符串“%d”需要类型“int”的参数，但可变参数 1 拥有了类型“size_t”
  D:\vs2022wenjian\初识指针（2）\test.c(21,9):
  请考虑在格式字符串中使用“%zd”
  
  初识指针（2）.vcxproj -> D:\vs2022wenjian\初识指针（2）\x64\Debug\初识指针（2）.exe
